n -> (Line: 1; Column: 1)
<< -> (Line: 1; Column: 2)
128036276 -> (Line: 1; Column: 4)
max -> (Line: 2; Column: 1)
<< -> (Line: 2; Column: 4)
0 -> (Line: 2; Column: 6)
given -> (Line: 3; Column: 1)
that -> (Line: 3; Column: 6)
n -> (Line: 3; Column: 10)
> -> (Line: 3; Column: 11)
0 -> (Line: 3; Column: 12)
... -> (Line: 3; Column: 13)
given -> (Line: 4; Column: 1)
that -> (Line: 4; Column: 6)
n -> (Line: 4; Column: 10)
% -> (Line: 4; Column: 11)
10 -> (Line: 4; Column: 12)
> -> (Line: 4; Column: 14)
max -> (Line: 4; Column: 15)
... -> (Line: 4; Column: 18)
max -> (Line: 5; Column: 1)
<< -> (Line: 5; Column: 4)
n -> (Line: 5; Column: 6)
% -> (Line: 5; Column: 7)
10 -> (Line: 5; Column: 8)
... -> (Line: 6; Column: 1)
end -> (Line: 6; Column: 4)
n -> (Line: 7; Column: 1)
/< -> (Line: 7; Column: 2)
10 -> (Line: 7; Column: 4)
... -> (Line: 8; Column: 1)
repeat -> (Line: 8; Column: 4)
print -> (Line: 9; Column: 1)
( -> (Line: 9; Column: 6)
max -> (Line: 9; Column: 7)
) -> (Line: 9; Column: 10)
n -> (Line: 1; Column: 1)
<< -> (Line: 1; Column: 2)
10 -> (Line: 1; Column: 4)
d -> (Line: 2; Column: 1)
<< -> (Line: 2; Column: 2)
1 -> (Line: 2; Column: 4)
<< -> (Line: 3; Column: 3)
0 -> (Line: 3; Column: 5)
from -> (Line: 4; Column: 1)
d -> (Line: 4; Column: 5)
to -> (Line: 4; Column: 6)
n -> (Line: 4; Column: 8)
, -> (Line: 4; Column: 9)
step -> (Line: 4; Column: 10)
1 -> (Line: 4; Column: 14)
... -> (Line: 4; Column: 15)
given -> (Line: 5; Column: 1)
that -> (Line: 5; Column: 6)
n -> (Line: 5; Column: 10)
/ -> (Line: 5; Column: 11)
d -> (Line: 5; Column: 12)
= -> (Line: 5; Column: 13)
0 -> (Line: 5; Column: 14)
... -> (Line: 5; Column: 15)
c -> (Line: 6; Column: 1)
+< -> (Line: 6; Column: 2)
1 -> (Line: 6; Column: 4)
... -> (Line: 7; Column: 1)
end -> (Line: 7; Column: 4)
end -> (Line: 8; Column: 3)
print -> (Line: 9; Column: 1)
( -> (Line: 9; Column: 6)
c -> (Line: 9; Column: 7)
) -> (Line: 9; Column: 8)
n -> (Line: 1; Column: 1)
<< -> (Line: 1; Column: 2)
128036276 -> (Line: 1; Column: 4)
max -> (Line: 2; Column: 1)
<< -> (Line: 2; Column: 4)
0 -> (Line: 2; Column: 6)
given -> (Line: 3; Column: 1)
that -> (Line: 3; Column: 6)
n -> (Line: 3; Column: 10)
> -> (Line: 3; Column: 11)
0 -> (Line: 3; Column: 12)
... -> (Line: 3; Column: 13)
given -> (Line: 4; Column: 1)
that -> (Line: 4; Column: 6)
n -> (Line: 4; Column: 10)
% -> (Line: 4; Column: 11)
10 -> (Line: 4; Column: 12)
> -> (Line: 4; Column: 14)
max -> (Line: 4; Column: 15)
... -> (Line: 4; Column: 18)
max -> (Line: 5; Column: 1)
<< -> (Line: 5; Column: 4)
n -> (Line: 5; Column: 6)
% -> (Line: 5; Column: 7)
10 -> (Line: 5; Column: 8)
... -> (Line: 6; Column: 1)
end -> (Line: 6; Column: 4)
n -> (Line: 7; Column: 1)
/< -> (Line: 7; Column: 2)
10 -> (Line: 7; Column: 4)
... -> (Line: 8; Column: 1)
repeat -> (Line: 8; Column: 4)
print -> (Line: 9; Column: 1)
( -> (Line: 9; Column: 6)
max -> (Line: 9; Column: 7)
) -> (Line: 9; Column: 10)
n -> (Line: 1; Column: 1)
<< -> (Line: 1; Column: 2)
5 -> (Line: 1; Column: 4)
l -> (Line: 2; Column: 1)
<< -> (Line: 2; Column: 2)
[ -> (Line: 2; Column: 4)
54 -> (Line: 2; Column: 5)
, -> (Line: 2; Column: 7)
66 -> (Line: 2; Column: 8)
, -> (Line: 2; Column: 10)
23 -> (Line: 2; Column: 11)
, -> (Line: 2; Column: 13)
32 -> (Line: 2; Column: 14)
, -> (Line: 2; Column: 16)
5 -> (Line: 2; Column: 17)
] -> (Line: 2; Column: 18)
s -> (Line: 3; Column: 1)
<< -> (Line: 3; Column: 2)
0 -> (Line: 3; Column: 4)
i -> (Line: 4; Column: 1)
<< -> (Line: 4; Column: 2)
0 -> (Line: 4; Column: 4)
given -> (Line: 5; Column: 1)
than -> (Line: 5; Column: 6)
i -> (Line: 5; Column: 10)
< -> (Line: 5; Column: 11)
n -> (Line: 5; Column: 12)
... -> (Line: 5; Column: 13)
s -> (Line: 6; Column: 1)
+< -> (Line: 6; Column: 2)
l -> (Line: 6; Column: 4)
( -> (Line: 6; Column: 5)
i -> (Line: 6; Column: 6)
) -> (Line: 6; Column: 7)
i -> (Line: 7; Column: 1)
+< -> (Line: 7; Column: 2)
1 -> (Line: 7; Column: 4)
... -> (Line: 8; Column: 1)
repeat -> (Line: 8; Column: 4)
print -> (Line: 9; Column: 1)
( -> (Line: 9; Column: 6)
s -> (Line: 9; Column: 7)
) -> (Line: 9; Column: 8)
